<?xml version="1.0" encoding="UTF-8"?>
<!-- Generated by org.testng.reporters.JUnitXMLReporter -->
<testsuite ignored="0" hostname="LAPTOP-7NMLF4V4" failures="0" tests="3" name="Test17" time="14.588" errors="0" timestamp="2024-07-04T17:57:39 MESZ">
  <testcase classname="com.homedemoqa.tests.HoversTest" name="SelectSubMenuUser1" time="0.427"/>
  <testcase classname="com.homedemoqa.tests.HoversTest" name="SelectSubMenuUser2" time="0.343"/>
  <testcase classname="com.homedemoqa.tests.HoversTest" name="SelectSubMenuUser3" time="0.816"/>
</testsuite> <!-- Test17 -->
