<?xml version="1.0" encoding="UTF-8"?>
<!-- Generated by org.testng.reporters.JUnitXMLReporter -->
<testsuite ignored="0" hostname="LAPTOP-7NMLF4V4" failures="0" tests="14" name="Test17" time="52.735" errors="0" timestamp="2024-07-04T21:02:10 MESZ">
  <testcase classname="com.homedemoqa.tests.HoversTest" name="SelectSubMenuUser1" time="0.401"/>
  <testcase classname="com.homedemoqa.tests.HoversTest" name="SelectSubMenuUser2" time="0.324"/>
  <testcase classname="com.homedemoqa.tests.HoversTest" name="SelectSubMenuUser3" time="0.355"/>
  <testcase classname="com.homedemoqa.tests.ContextMenuTest" name="contextMenuTest" time="0.215"/>
  <testcase classname="com.homedemoqa.tests.DragAndDropTest" name="DragAndDropTest" time="0.323"/>
  <testcase classname="com.homedemoqa.tests.ExitIntentTest" name="exitInternTest" time="1.121"/>
  <testcase classname="com.homedemoqa.tests.HorizontalSliderTest" name="moveHorizontSlider" time="0.409"/>
  <testcase classname="com.homedemoqa.tests.HorizontalSliderTest" name="moveHorizontSliderWith" time="0.245"/>
  <testcase classname="com.homedemoqa.tests.NestedFramesTests" name="framesTest" time="0.011"/>
  <testcase classname="com.homedemoqa.tests.NestedFramesTests" name="switchToIframeByElementTest" time="0.086"/>
  <testcase classname="com.homedemoqa.tests.NestedFramesTests" name="switchToIframeByIndexTest" time="0.07"/>
  <testcase classname="com.homedemoqa.tests.NestedFramesTests" name="switchToNestedLeftIframeTest" time="0.095"/>
  <testcase classname="com.homedemoqa.tests.NestedFramesTests" name="switchToNestedMiddleIframeTest" time="0.123"/>
  <testcase classname="com.homedemoqa.tests.NestedFramesTests" name="switchToNestedRightIframeTest" time="0.103"/>
</testsuite> <!-- Test17 -->
