<?xml version="1.0" encoding="UTF-8"?>
<testng-results ignored="0" total="3" passed="3" failed="0" skipped="0">
  <reporter-output>
  </reporter-output>
  <suite started-at="2024-07-04T17:57:24 MESZ" name="Tests" finished-at="2024-07-04T17:57:39 MESZ" duration-ms="14588">
    <groups>
    </groups>
    <test started-at="2024-07-04T17:57:24 MESZ" name="Test17" finished-at="2024-07-04T17:57:39 MESZ" duration-ms="14588">
      <class name="com.homedemoqa.tests.HoversTest">
        <test-method is-config="true" signature="startBrowser(java.lang.reflect.Method)[pri:0, instance:com.homedemoqa.tests.HoversTest@4944252c]" started-at="2024-07-04T17:57:24 MESZ" name="startBrowser" finished-at="2024-07-04T17:57:29 MESZ" duration-ms="4458" status="PASS">
          <params>
            <param index="0">
              <value>
                <![CDATA[public void com.homedemoqa.tests.HoversTest.SelectSubMenuUser1()]]>
              </value>
            </param>
          </params>
          <reporter-output>
          </reporter-output>
        </test-method> <!-- startBrowser -->
        <test-method is-config="true" signature="precondition()[pri:0, instance:com.homedemoqa.tests.HoversTest@4944252c]" started-at="2024-07-04T17:57:29 MESZ" name="precondition" finished-at="2024-07-04T17:57:29 MESZ" duration-ms="503" status="PASS">
          <reporter-output>
          </reporter-output>
        </test-method> <!-- precondition -->
        <test-method signature="SelectSubMenuUser1()[pri:0, instance:com.homedemoqa.tests.HoversTest@4944252c]" started-at="2024-07-04T17:57:29 MESZ" name="SelectSubMenuUser1" finished-at="2024-07-04T17:57:30 MESZ" duration-ms="427" status="PASS">
          <reporter-output>
          </reporter-output>
        </test-method> <!-- SelectSubMenuUser1 -->
        <test-method is-config="true" signature="startBrowser(java.lang.reflect.Method)[pri:0, instance:com.homedemoqa.tests.HoversTest@4944252c]" started-at="2024-07-04T17:57:30 MESZ" name="startBrowser" finished-at="2024-07-04T17:57:32 MESZ" duration-ms="2120" status="PASS">
          <params>
            <param index="0">
              <value>
                <![CDATA[public void com.homedemoqa.tests.HoversTest.SelectSubMenuUser2()]]>
              </value>
            </param>
          </params>
          <reporter-output>
          </reporter-output>
        </test-method> <!-- startBrowser -->
        <test-method is-config="true" signature="precondition()[pri:0, instance:com.homedemoqa.tests.HoversTest@4944252c]" started-at="2024-07-04T17:57:32 MESZ" name="precondition" finished-at="2024-07-04T17:57:33 MESZ" duration-ms="1649" status="PASS">
          <reporter-output>
          </reporter-output>
        </test-method> <!-- precondition -->
        <test-method signature="SelectSubMenuUser2()[pri:0, instance:com.homedemoqa.tests.HoversTest@4944252c]" started-at="2024-07-04T17:57:33 MESZ" name="SelectSubMenuUser2" finished-at="2024-07-04T17:57:34 MESZ" duration-ms="343" status="PASS">
          <reporter-output>
          </reporter-output>
        </test-method> <!-- SelectSubMenuUser2 -->
        <test-method is-config="true" signature="startBrowser(java.lang.reflect.Method)[pri:0, instance:com.homedemoqa.tests.HoversTest@4944252c]" started-at="2024-07-04T17:57:34 MESZ" name="startBrowser" finished-at="2024-07-04T17:57:37 MESZ" duration-ms="3452" status="PASS">
          <params>
            <param index="0">
              <value>
                <![CDATA[public void com.homedemoqa.tests.HoversTest.SelectSubMenuUser3()]]>
              </value>
            </param>
          </params>
          <reporter-output>
          </reporter-output>
        </test-method> <!-- startBrowser -->
        <test-method is-config="true" signature="precondition()[pri:0, instance:com.homedemoqa.tests.HoversTest@4944252c]" started-at="2024-07-04T17:57:37 MESZ" name="precondition" finished-at="2024-07-04T17:57:38 MESZ" duration-ms="747" status="PASS">
          <reporter-output>
          </reporter-output>
        </test-method> <!-- precondition -->
        <test-method signature="SelectSubMenuUser3()[pri:0, instance:com.homedemoqa.tests.HoversTest@4944252c]" started-at="2024-07-04T17:57:38 MESZ" name="SelectSubMenuUser3" finished-at="2024-07-04T17:57:39 MESZ" duration-ms="816" status="PASS">
          <reporter-output>
          </reporter-output>
        </test-method> <!-- SelectSubMenuUser3 -->
      </class> <!-- com.homedemoqa.tests.HoversTest -->
    </test> <!-- Test17 -->
  </suite> <!-- Tests -->
</testng-results>
