<?xml version="1.0" encoding="UTF-8"?>
<testng-results ignored="0" total="14" passed="14" failed="0" skipped="0">
  <reporter-output>
  </reporter-output>
  <suite started-at="2024-07-04T21:01:17 MESZ" name="Tests" finished-at="2024-07-04T21:02:10 MESZ" duration-ms="52735">
    <groups>
    </groups>
    <test started-at="2024-07-04T21:01:17 MESZ" name="Test17" finished-at="2024-07-04T21:02:10 MESZ" duration-ms="52735">
      <class name="com.homedemoqa.tests.HorizontalSliderTest">
        <test-method is-config="true" signature="startBrowser(java.lang.reflect.Method)[pri:0, instance:com.homedemoqa.tests.HorizontalSliderTest@59e2d8e3]" started-at="2024-07-04T21:01:41 MESZ" name="startBrowser" finished-at="2024-07-04T21:01:43 MESZ" duration-ms="2818" status="PASS">
          <params>
            <param index="0">
              <value>
                <![CDATA[public void com.homedemoqa.tests.HorizontalSliderTest.moveHorizontSlider()]]>
              </value>
            </param>
          </params>
          <reporter-output>
          </reporter-output>
        </test-method> <!-- startBrowser -->
        <test-method is-config="true" signature="precondition()[pri:0, instance:com.homedemoqa.tests.HorizontalSliderTest@59e2d8e3]" started-at="2024-07-04T21:01:43 MESZ" name="precondition" finished-at="2024-07-04T21:01:44 MESZ" duration-ms="259" status="PASS">
          <reporter-output>
          </reporter-output>
        </test-method> <!-- precondition -->
        <test-method signature="moveHorizontSlider()[pri:0, instance:com.homedemoqa.tests.HorizontalSliderTest@59e2d8e3]" started-at="2024-07-04T21:01:44 MESZ" name="moveHorizontSlider" finished-at="2024-07-04T21:01:44 MESZ" duration-ms="409" status="PASS">
          <reporter-output>
          </reporter-output>
        </test-method> <!-- moveHorizontSlider -->
        <test-method is-config="true" signature="tearDown(org.testng.ITestResult)[pri:0, instance:com.homedemoqa.tests.HorizontalSliderTest@59e2d8e3]" started-at="2024-07-04T21:01:44 MESZ" name="tearDown" finished-at="2024-07-04T21:01:44 MESZ" duration-ms="195" status="PASS">
          <params>
            <param index="0">
              <value>
                <![CDATA[[TestResult name=moveHorizontSlider status=SUCCESS method=HorizontalSliderTest.moveHorizontSlider()[pri:0, instance:com.homedemoqa.tests.HorizontalSliderTest@59e2d8e3] output={null}]]]>
              </value>
            </param>
          </params>
          <reporter-output>
          </reporter-output>
        </test-method> <!-- tearDown -->
        <test-method is-config="true" signature="startBrowser(java.lang.reflect.Method)[pri:0, instance:com.homedemoqa.tests.HorizontalSliderTest@59e2d8e3]" started-at="2024-07-04T21:01:44 MESZ" name="startBrowser" finished-at="2024-07-04T21:01:47 MESZ" duration-ms="2767" status="PASS">
          <params>
            <param index="0">
              <value>
                <![CDATA[public void com.homedemoqa.tests.HorizontalSliderTest.moveHorizontSliderWith()]]>
              </value>
            </param>
          </params>
          <reporter-output>
          </reporter-output>
        </test-method> <!-- startBrowser -->
        <test-method is-config="true" signature="precondition()[pri:0, instance:com.homedemoqa.tests.HorizontalSliderTest@59e2d8e3]" started-at="2024-07-04T21:01:47 MESZ" name="precondition" finished-at="2024-07-04T21:01:47 MESZ" duration-ms="274" status="PASS">
          <reporter-output>
          </reporter-output>
        </test-method> <!-- precondition -->
        <test-method signature="moveHorizontSliderWith()[pri:0, instance:com.homedemoqa.tests.HorizontalSliderTest@59e2d8e3]" started-at="2024-07-04T21:01:47 MESZ" name="moveHorizontSliderWith" finished-at="2024-07-04T21:01:48 MESZ" duration-ms="245" status="PASS">
          <reporter-output>
          </reporter-output>
        </test-method> <!-- moveHorizontSliderWith -->
        <test-method is-config="true" signature="tearDown(org.testng.ITestResult)[pri:0, instance:com.homedemoqa.tests.HorizontalSliderTest@59e2d8e3]" started-at="2024-07-04T21:01:48 MESZ" name="tearDown" finished-at="2024-07-04T21:01:48 MESZ" duration-ms="338" status="PASS">
          <params>
            <param index="0">
              <value>
                <![CDATA[[TestResult name=moveHorizontSliderWith status=SUCCESS method=HorizontalSliderTest.moveHorizontSliderWith()[pri:0, instance:com.homedemoqa.tests.HorizontalSliderTest@59e2d8e3] output={null}]]]>
              </value>
            </param>
          </params>
          <reporter-output>
          </reporter-output>
        </test-method> <!-- tearDown -->
      </class> <!-- com.homedemoqa.tests.HorizontalSliderTest -->
      <class name="com.homedemoqa.tests.ContextMenuTest">
        <test-method is-config="true" signature="startBrowser(java.lang.reflect.Method)[pri:0, instance:com.homedemoqa.tests.ContextMenuTest@4ef782af]" started-at="2024-07-04T21:01:29 MESZ" name="startBrowser" finished-at="2024-07-04T21:01:32 MESZ" duration-ms="2869" status="PASS">
          <params>
            <param index="0">
              <value>
                <![CDATA[public void com.homedemoqa.tests.ContextMenuTest.contextMenuTest()]]>
              </value>
            </param>
          </params>
          <reporter-output>
          </reporter-output>
        </test-method> <!-- startBrowser -->
        <test-method is-config="true" signature="precondition()[pri:0, instance:com.homedemoqa.tests.ContextMenuTest@4ef782af]" started-at="2024-07-04T21:01:32 MESZ" name="precondition" finished-at="2024-07-04T21:01:32 MESZ" duration-ms="277" status="PASS">
          <reporter-output>
          </reporter-output>
        </test-method> <!-- precondition -->
        <test-method signature="contextMenuTest()[pri:0, instance:com.homedemoqa.tests.ContextMenuTest@4ef782af]" started-at="2024-07-04T21:01:32 MESZ" name="contextMenuTest" finished-at="2024-07-04T21:01:32 MESZ" duration-ms="215" status="PASS">
          <reporter-output>
          </reporter-output>
        </test-method> <!-- contextMenuTest -->
        <test-method is-config="true" signature="tearDown(org.testng.ITestResult)[pri:0, instance:com.homedemoqa.tests.ContextMenuTest@4ef782af]" started-at="2024-07-04T21:01:32 MESZ" name="tearDown" finished-at="2024-07-04T21:01:32 MESZ" duration-ms="247" status="PASS">
          <params>
            <param index="0">
              <value>
                <![CDATA[[TestResult name=contextMenuTest status=SUCCESS method=ContextMenuTest.contextMenuTest()[pri:0, instance:com.homedemoqa.tests.ContextMenuTest@4ef782af] output={null}]]]>
              </value>
            </param>
          </params>
          <reporter-output>
          </reporter-output>
        </test-method> <!-- tearDown -->
      </class> <!-- com.homedemoqa.tests.ContextMenuTest -->
      <class name="com.homedemoqa.tests.NestedFramesTests">
        <test-method is-config="true" signature="startBrowser(java.lang.reflect.Method)[pri:0, instance:com.homedemoqa.tests.NestedFramesTests@2b72cb8a]" started-at="2024-07-04T21:01:48 MESZ" name="startBrowser" finished-at="2024-07-04T21:01:51 MESZ" duration-ms="2919" status="PASS">
          <params>
            <param index="0">
              <value>
                <![CDATA[public void com.homedemoqa.tests.NestedFramesTests.framesTest()]]>
              </value>
            </param>
          </params>
          <reporter-output>
          </reporter-output>
        </test-method> <!-- startBrowser -->
        <test-method is-config="true" signature="predication()[pri:0, instance:com.homedemoqa.tests.NestedFramesTests@2b72cb8a]" started-at="2024-07-04T21:01:51 MESZ" name="predication" finished-at="2024-07-04T21:01:51 MESZ" duration-ms="547" status="PASS">
          <reporter-output>
          </reporter-output>
        </test-method> <!-- predication -->
        <test-method signature="framesTest()[pri:0, instance:com.homedemoqa.tests.NestedFramesTests@2b72cb8a]" started-at="2024-07-04T21:01:51 MESZ" name="framesTest" finished-at="2024-07-04T21:01:51 MESZ" duration-ms="11" status="PASS">
          <reporter-output>
          </reporter-output>
        </test-method> <!-- framesTest -->
        <test-method is-config="true" signature="tearDown(org.testng.ITestResult)[pri:0, instance:com.homedemoqa.tests.NestedFramesTests@2b72cb8a]" started-at="2024-07-04T21:01:51 MESZ" name="tearDown" finished-at="2024-07-04T21:01:52 MESZ" duration-ms="164" status="PASS">
          <params>
            <param index="0">
              <value>
                <![CDATA[[TestResult name=framesTest status=SUCCESS method=NestedFramesTests.framesTest()[pri:0, instance:com.homedemoqa.tests.NestedFramesTests@2b72cb8a] output={null}]]]>
              </value>
            </param>
          </params>
          <reporter-output>
          </reporter-output>
        </test-method> <!-- tearDown -->
        <test-method is-config="true" signature="startBrowser(java.lang.reflect.Method)[pri:0, instance:com.homedemoqa.tests.NestedFramesTests@2b72cb8a]" started-at="2024-07-04T21:01:52 MESZ" name="startBrowser" finished-at="2024-07-04T21:01:54 MESZ" duration-ms="2916" status="PASS">
          <params>
            <param index="0">
              <value>
                <![CDATA[public void com.homedemoqa.tests.NestedFramesTests.switchToIframeByElementTest()]]>
              </value>
            </param>
          </params>
          <reporter-output>
          </reporter-output>
        </test-method> <!-- startBrowser -->
        <test-method is-config="true" signature="predication()[pri:0, instance:com.homedemoqa.tests.NestedFramesTests@2b72cb8a]" started-at="2024-07-04T21:01:54 MESZ" name="predication" finished-at="2024-07-04T21:01:55 MESZ" duration-ms="508" status="PASS">
          <reporter-output>
          </reporter-output>
        </test-method> <!-- predication -->
        <test-method signature="switchToIframeByElementTest()[pri:0, instance:com.homedemoqa.tests.NestedFramesTests@2b72cb8a]" started-at="2024-07-04T21:01:55 MESZ" name="switchToIframeByElementTest" finished-at="2024-07-04T21:01:55 MESZ" duration-ms="86" status="PASS">
          <reporter-output>
          </reporter-output>
        </test-method> <!-- switchToIframeByElementTest -->
        <test-method is-config="true" signature="tearDown(org.testng.ITestResult)[pri:0, instance:com.homedemoqa.tests.NestedFramesTests@2b72cb8a]" started-at="2024-07-04T21:01:55 MESZ" name="tearDown" finished-at="2024-07-04T21:01:55 MESZ" duration-ms="173" status="PASS">
          <params>
            <param index="0">
              <value>
                <![CDATA[[TestResult name=switchToIframeByElementTest status=SUCCESS method=NestedFramesTests.switchToIframeByElementTest()[pri:0, instance:com.homedemoqa.tests.NestedFramesTests@2b72cb8a] output={null}]]]>
              </value>
            </param>
          </params>
          <reporter-output>
          </reporter-output>
        </test-method> <!-- tearDown -->
        <test-method is-config="true" signature="startBrowser(java.lang.reflect.Method)[pri:0, instance:com.homedemoqa.tests.NestedFramesTests@2b72cb8a]" started-at="2024-07-04T21:01:55 MESZ" name="startBrowser" finished-at="2024-07-04T21:01:58 MESZ" duration-ms="2905" status="PASS">
          <params>
            <param index="0">
              <value>
                <![CDATA[public void com.homedemoqa.tests.NestedFramesTests.switchToIframeByIndexTest()]]>
              </value>
            </param>
          </params>
          <reporter-output>
          </reporter-output>
        </test-method> <!-- startBrowser -->
        <test-method is-config="true" signature="predication()[pri:0, instance:com.homedemoqa.tests.NestedFramesTests@2b72cb8a]" started-at="2024-07-04T21:01:58 MESZ" name="predication" finished-at="2024-07-04T21:01:59 MESZ" duration-ms="538" status="PASS">
          <reporter-output>
          </reporter-output>
        </test-method> <!-- predication -->
        <test-method signature="switchToIframeByIndexTest()[pri:0, instance:com.homedemoqa.tests.NestedFramesTests@2b72cb8a]" started-at="2024-07-04T21:01:59 MESZ" name="switchToIframeByIndexTest" finished-at="2024-07-04T21:01:59 MESZ" duration-ms="70" status="PASS">
          <reporter-output>
          </reporter-output>
        </test-method> <!-- switchToIframeByIndexTest -->
        <test-method is-config="true" signature="tearDown(org.testng.ITestResult)[pri:0, instance:com.homedemoqa.tests.NestedFramesTests@2b72cb8a]" started-at="2024-07-04T21:01:59 MESZ" name="tearDown" finished-at="2024-07-04T21:01:59 MESZ" duration-ms="147" status="PASS">
          <params>
            <param index="0">
              <value>
                <![CDATA[[TestResult name=switchToIframeByIndexTest status=SUCCESS method=NestedFramesTests.switchToIframeByIndexTest()[pri:0, instance:com.homedemoqa.tests.NestedFramesTests@2b72cb8a] output={null}]]]>
              </value>
            </param>
          </params>
          <reporter-output>
          </reporter-output>
        </test-method> <!-- tearDown -->
        <test-method is-config="true" signature="startBrowser(java.lang.reflect.Method)[pri:0, instance:com.homedemoqa.tests.NestedFramesTests@2b72cb8a]" started-at="2024-07-04T21:01:59 MESZ" name="startBrowser" finished-at="2024-07-04T21:02:02 MESZ" duration-ms="2682" status="PASS">
          <params>
            <param index="0">
              <value>
                <![CDATA[public void com.homedemoqa.tests.NestedFramesTests.switchToNestedLeftIframeTest()]]>
              </value>
            </param>
          </params>
          <reporter-output>
          </reporter-output>
        </test-method> <!-- startBrowser -->
        <test-method is-config="true" signature="predication()[pri:0, instance:com.homedemoqa.tests.NestedFramesTests@2b72cb8a]" started-at="2024-07-04T21:02:02 MESZ" name="predication" finished-at="2024-07-04T21:02:02 MESZ" duration-ms="497" status="PASS">
          <reporter-output>
          </reporter-output>
        </test-method> <!-- predication -->
        <test-method signature="switchToNestedLeftIframeTest()[pri:0, instance:com.homedemoqa.tests.NestedFramesTests@2b72cb8a]" started-at="2024-07-04T21:02:02 MESZ" name="switchToNestedLeftIframeTest" finished-at="2024-07-04T21:02:02 MESZ" duration-ms="95" status="PASS">
          <reporter-output>
          </reporter-output>
        </test-method> <!-- switchToNestedLeftIframeTest -->
        <test-method is-config="true" signature="tearDown(org.testng.ITestResult)[pri:0, instance:com.homedemoqa.tests.NestedFramesTests@2b72cb8a]" started-at="2024-07-04T21:02:02 MESZ" name="tearDown" finished-at="2024-07-04T21:02:02 MESZ" duration-ms="186" status="PASS">
          <params>
            <param index="0">
              <value>
                <![CDATA[[TestResult name=switchToNestedLeftIframeTest status=SUCCESS method=NestedFramesTests.switchToNestedLeftIframeTest()[pri:0, instance:com.homedemoqa.tests.NestedFramesTests@2b72cb8a] output={null}]]]>
              </value>
            </param>
          </params>
          <reporter-output>
          </reporter-output>
        </test-method> <!-- tearDown -->
        <test-method is-config="true" signature="startBrowser(java.lang.reflect.Method)[pri:0, instance:com.homedemoqa.tests.NestedFramesTests@2b72cb8a]" started-at="2024-07-04T21:02:02 MESZ" name="startBrowser" finished-at="2024-07-04T21:02:05 MESZ" duration-ms="2878" status="PASS">
          <params>
            <param index="0">
              <value>
                <![CDATA[public void com.homedemoqa.tests.NestedFramesTests.switchToNestedMiddleIframeTest()]]>
              </value>
            </param>
          </params>
          <reporter-output>
          </reporter-output>
        </test-method> <!-- startBrowser -->
        <test-method is-config="true" signature="predication()[pri:0, instance:com.homedemoqa.tests.NestedFramesTests@2b72cb8a]" started-at="2024-07-04T21:02:05 MESZ" name="predication" finished-at="2024-07-04T21:02:06 MESZ" duration-ms="550" status="PASS">
          <reporter-output>
          </reporter-output>
        </test-method> <!-- predication -->
        <test-method signature="switchToNestedMiddleIframeTest()[pri:0, instance:com.homedemoqa.tests.NestedFramesTests@2b72cb8a]" started-at="2024-07-04T21:02:06 MESZ" name="switchToNestedMiddleIframeTest" finished-at="2024-07-04T21:02:06 MESZ" duration-ms="123" status="PASS">
          <reporter-output>
          </reporter-output>
        </test-method> <!-- switchToNestedMiddleIframeTest -->
        <test-method is-config="true" signature="tearDown(org.testng.ITestResult)[pri:0, instance:com.homedemoqa.tests.NestedFramesTests@2b72cb8a]" started-at="2024-07-04T21:02:06 MESZ" name="tearDown" finished-at="2024-07-04T21:02:06 MESZ" duration-ms="180" status="PASS">
          <params>
            <param index="0">
              <value>
                <![CDATA[[TestResult name=switchToNestedMiddleIframeTest status=SUCCESS method=NestedFramesTests.switchToNestedMiddleIframeTest()[pri:0, instance:com.homedemoqa.tests.NestedFramesTests@2b72cb8a] output={null}]]]>
              </value>
            </param>
          </params>
          <reporter-output>
          </reporter-output>
        </test-method> <!-- tearDown -->
        <test-method is-config="true" signature="startBrowser(java.lang.reflect.Method)[pri:0, instance:com.homedemoqa.tests.NestedFramesTests@2b72cb8a]" started-at="2024-07-04T21:02:06 MESZ" name="startBrowser" finished-at="2024-07-04T21:02:09 MESZ" duration-ms="2582" status="PASS">
          <params>
            <param index="0">
              <value>
                <![CDATA[public void com.homedemoqa.tests.NestedFramesTests.switchToNestedRightIframeTest()]]>
              </value>
            </param>
          </params>
          <reporter-output>
          </reporter-output>
        </test-method> <!-- startBrowser -->
        <test-method is-config="true" signature="predication()[pri:0, instance:com.homedemoqa.tests.NestedFramesTests@2b72cb8a]" started-at="2024-07-04T21:02:09 MESZ" name="predication" finished-at="2024-07-04T21:02:09 MESZ" duration-ms="525" status="PASS">
          <reporter-output>
          </reporter-output>
        </test-method> <!-- predication -->
        <test-method signature="switchToNestedRightIframeTest()[pri:0, instance:com.homedemoqa.tests.NestedFramesTests@2b72cb8a]" started-at="2024-07-04T21:02:09 MESZ" name="switchToNestedRightIframeTest" finished-at="2024-07-04T21:02:09 MESZ" duration-ms="103" status="PASS">
          <reporter-output>
          </reporter-output>
        </test-method> <!-- switchToNestedRightIframeTest -->
        <test-method is-config="true" signature="tearDown(org.testng.ITestResult)[pri:0, instance:com.homedemoqa.tests.NestedFramesTests@2b72cb8a]" started-at="2024-07-04T21:02:09 MESZ" name="tearDown" finished-at="2024-07-04T21:02:10 MESZ" duration-ms="234" status="PASS">
          <params>
            <param index="0">
              <value>
                <![CDATA[[TestResult name=switchToNestedRightIframeTest status=SUCCESS method=NestedFramesTests.switchToNestedRightIframeTest()[pri:0, instance:com.homedemoqa.tests.NestedFramesTests@2b72cb8a] output={null}]]]>
              </value>
            </param>
          </params>
          <reporter-output>
          </reporter-output>
        </test-method> <!-- tearDown -->
      </class> <!-- com.homedemoqa.tests.NestedFramesTests -->
      <class name="com.homedemoqa.tests.DragAndDropTest">
        <test-method is-config="true" signature="startBrowser(java.lang.reflect.Method)[pri:0, instance:com.homedemoqa.tests.DragAndDropTest@11d8ae8b]" started-at="2024-07-04T21:01:32 MESZ" name="startBrowser" finished-at="2024-07-04T21:01:35 MESZ" duration-ms="2770" status="PASS">
          <params>
            <param index="0">
              <value>
                <![CDATA[public void com.homedemoqa.tests.DragAndDropTest.DragAndDropTest()]]>
              </value>
            </param>
          </params>
          <reporter-output>
          </reporter-output>
        </test-method> <!-- startBrowser -->
        <test-method is-config="true" signature="precondition()[pri:0, instance:com.homedemoqa.tests.DragAndDropTest@11d8ae8b]" started-at="2024-07-04T21:01:35 MESZ" name="precondition" finished-at="2024-07-04T21:01:35 MESZ" duration-ms="296" status="PASS">
          <reporter-output>
          </reporter-output>
        </test-method> <!-- precondition -->
        <test-method signature="DragAndDropTest()[pri:0, instance:com.homedemoqa.tests.DragAndDropTest@11d8ae8b]" started-at="2024-07-04T21:01:35 MESZ" name="DragAndDropTest" finished-at="2024-07-04T21:01:36 MESZ" duration-ms="323" status="PASS">
          <reporter-output>
          </reporter-output>
        </test-method> <!-- DragAndDropTest -->
        <test-method is-config="true" signature="tearDown(org.testng.ITestResult)[pri:0, instance:com.homedemoqa.tests.DragAndDropTest@11d8ae8b]" started-at="2024-07-04T21:01:36 MESZ" name="tearDown" finished-at="2024-07-04T21:01:36 MESZ" duration-ms="215" status="PASS">
          <params>
            <param index="0">
              <value>
                <![CDATA[[TestResult name=DragAndDropTest status=SUCCESS method=DragAndDropTest.DragAndDropTest()[pri:0, instance:com.homedemoqa.tests.DragAndDropTest@11d8ae8b] output={null}]]]>
              </value>
            </param>
          </params>
          <reporter-output>
          </reporter-output>
        </test-method> <!-- tearDown -->
      </class> <!-- com.homedemoqa.tests.DragAndDropTest -->
      <class name="com.homedemoqa.tests.HoversTest">
        <test-method is-config="true" signature="startBrowser(java.lang.reflect.Method)[pri:0, instance:com.homedemoqa.tests.HoversTest@2462cb01]" started-at="2024-07-04T21:01:17 MESZ" name="startBrowser" finished-at="2024-07-04T21:01:19 MESZ" duration-ms="2632" status="PASS">
          <params>
            <param index="0">
              <value>
                <![CDATA[public void com.homedemoqa.tests.HoversTest.SelectSubMenuUser1()]]>
              </value>
            </param>
          </params>
          <reporter-output>
          </reporter-output>
        </test-method> <!-- startBrowser -->
        <test-method is-config="true" signature="precondition()[pri:0, instance:com.homedemoqa.tests.HoversTest@2462cb01]" started-at="2024-07-04T21:01:19 MESZ" name="precondition" finished-at="2024-07-04T21:01:21 MESZ" duration-ms="1449" status="PASS">
          <reporter-output>
          </reporter-output>
        </test-method> <!-- precondition -->
        <test-method signature="SelectSubMenuUser1()[pri:0, instance:com.homedemoqa.tests.HoversTest@2462cb01]" started-at="2024-07-04T21:01:21 MESZ" name="SelectSubMenuUser1" finished-at="2024-07-04T21:01:21 MESZ" duration-ms="401" status="PASS">
          <reporter-output>
          </reporter-output>
        </test-method> <!-- SelectSubMenuUser1 -->
        <test-method is-config="true" signature="tearDown(org.testng.ITestResult)[pri:0, instance:com.homedemoqa.tests.HoversTest@2462cb01]" started-at="2024-07-04T21:01:21 MESZ" name="tearDown" finished-at="2024-07-04T21:01:22 MESZ" duration-ms="199" status="PASS">
          <params>
            <param index="0">
              <value>
                <![CDATA[[TestResult name=SelectSubMenuUser1 status=SUCCESS method=HoversTest.SelectSubMenuUser1()[pri:0, instance:com.homedemoqa.tests.HoversTest@2462cb01] output={null}]]]>
              </value>
            </param>
          </params>
          <reporter-output>
          </reporter-output>
        </test-method> <!-- tearDown -->
        <test-method is-config="true" signature="startBrowser(java.lang.reflect.Method)[pri:0, instance:com.homedemoqa.tests.HoversTest@2462cb01]" started-at="2024-07-04T21:01:22 MESZ" name="startBrowser" finished-at="2024-07-04T21:01:24 MESZ" duration-ms="2766" status="PASS">
          <params>
            <param index="0">
              <value>
                <![CDATA[public void com.homedemoqa.tests.HoversTest.SelectSubMenuUser2()]]>
              </value>
            </param>
          </params>
          <reporter-output>
          </reporter-output>
        </test-method> <!-- startBrowser -->
        <test-method is-config="true" signature="precondition()[pri:0, instance:com.homedemoqa.tests.HoversTest@2462cb01]" started-at="2024-07-04T21:01:24 MESZ" name="precondition" finished-at="2024-07-04T21:01:25 MESZ" duration-ms="352" status="PASS">
          <reporter-output>
          </reporter-output>
        </test-method> <!-- precondition -->
        <test-method signature="SelectSubMenuUser2()[pri:0, instance:com.homedemoqa.tests.HoversTest@2462cb01]" started-at="2024-07-04T21:01:25 MESZ" name="SelectSubMenuUser2" finished-at="2024-07-04T21:01:25 MESZ" duration-ms="324" status="PASS">
          <reporter-output>
          </reporter-output>
        </test-method> <!-- SelectSubMenuUser2 -->
        <test-method is-config="true" signature="tearDown(org.testng.ITestResult)[pri:0, instance:com.homedemoqa.tests.HoversTest@2462cb01]" started-at="2024-07-04T21:01:25 MESZ" name="tearDown" finished-at="2024-07-04T21:01:25 MESZ" duration-ms="143" status="PASS">
          <params>
            <param index="0">
              <value>
                <![CDATA[[TestResult name=SelectSubMenuUser2 status=SUCCESS method=HoversTest.SelectSubMenuUser2()[pri:0, instance:com.homedemoqa.tests.HoversTest@2462cb01] output={null}]]]>
              </value>
            </param>
          </params>
          <reporter-output>
          </reporter-output>
        </test-method> <!-- tearDown -->
        <test-method is-config="true" signature="startBrowser(java.lang.reflect.Method)[pri:0, instance:com.homedemoqa.tests.HoversTest@2462cb01]" started-at="2024-07-04T21:01:25 MESZ" name="startBrowser" finished-at="2024-07-04T21:01:28 MESZ" duration-ms="2698" status="PASS">
          <params>
            <param index="0">
              <value>
                <![CDATA[public void com.homedemoqa.tests.HoversTest.SelectSubMenuUser3()]]>
              </value>
            </param>
          </params>
          <reporter-output>
          </reporter-output>
        </test-method> <!-- startBrowser -->
        <test-method is-config="true" signature="precondition()[pri:0, instance:com.homedemoqa.tests.HoversTest@2462cb01]" started-at="2024-07-04T21:01:28 MESZ" name="precondition" finished-at="2024-07-04T21:01:28 MESZ" duration-ms="370" status="PASS">
          <reporter-output>
          </reporter-output>
        </test-method> <!-- precondition -->
        <test-method signature="SelectSubMenuUser3()[pri:0, instance:com.homedemoqa.tests.HoversTest@2462cb01]" started-at="2024-07-04T21:01:28 MESZ" name="SelectSubMenuUser3" finished-at="2024-07-04T21:01:29 MESZ" duration-ms="355" status="PASS">
          <reporter-output>
          </reporter-output>
        </test-method> <!-- SelectSubMenuUser3 -->
        <test-method is-config="true" signature="tearDown(org.testng.ITestResult)[pri:0, instance:com.homedemoqa.tests.HoversTest@2462cb01]" started-at="2024-07-04T21:01:29 MESZ" name="tearDown" finished-at="2024-07-04T21:01:29 MESZ" duration-ms="139" status="PASS">
          <params>
            <param index="0">
              <value>
                <![CDATA[[TestResult name=SelectSubMenuUser3 status=SUCCESS method=HoversTest.SelectSubMenuUser3()[pri:0, instance:com.homedemoqa.tests.HoversTest@2462cb01] output={null}]]]>
              </value>
            </param>
          </params>
          <reporter-output>
          </reporter-output>
        </test-method> <!-- tearDown -->
      </class> <!-- com.homedemoqa.tests.HoversTest -->
      <class name="com.homedemoqa.tests.ExitIntentTest">
        <test-method is-config="true" signature="startBrowser(java.lang.reflect.Method)[pri:0, instance:com.homedemoqa.tests.ExitIntentTest@479cbee5]" started-at="2024-07-04T21:01:36 MESZ" name="startBrowser" finished-at="2024-07-04T21:01:39 MESZ" duration-ms="2932" status="PASS">
          <params>
            <param index="0">
              <value>
                <![CDATA[public void com.homedemoqa.tests.ExitIntentTest.exitInternTest()]]>
              </value>
            </param>
          </params>
          <reporter-output>
          </reporter-output>
        </test-method> <!-- startBrowser -->
        <test-method is-config="true" signature="precondition()[pri:0, instance:com.homedemoqa.tests.ExitIntentTest@479cbee5]" started-at="2024-07-04T21:01:39 MESZ" name="precondition" finished-at="2024-07-04T21:01:39 MESZ" duration-ms="367" status="PASS">
          <reporter-output>
          </reporter-output>
        </test-method> <!-- precondition -->
        <test-method signature="exitInternTest()[pri:0, instance:com.homedemoqa.tests.ExitIntentTest@479cbee5]" started-at="2024-07-04T21:01:39 MESZ" name="exitInternTest" finished-at="2024-07-04T21:01:40 MESZ" duration-ms="1121" status="PASS">
          <reporter-output>
          </reporter-output>
        </test-method> <!-- exitInternTest -->
        <test-method is-config="true" signature="tearDown(org.testng.ITestResult)[pri:0, instance:com.homedemoqa.tests.ExitIntentTest@479cbee5]" started-at="2024-07-04T21:01:40 MESZ" name="tearDown" finished-at="2024-07-04T21:01:41 MESZ" duration-ms="263" status="PASS">
          <params>
            <param index="0">
              <value>
                <![CDATA[[TestResult name=exitInternTest status=SUCCESS method=ExitIntentTest.exitInternTest()[pri:0, instance:com.homedemoqa.tests.ExitIntentTest@479cbee5] output={null}]]]>
              </value>
            </param>
          </params>
          <reporter-output>
          </reporter-output>
        </test-method> <!-- tearDown -->
      </class> <!-- com.homedemoqa.tests.ExitIntentTest -->
    </test> <!-- Test17 -->
  </suite> <!-- Tests -->
</testng-results>
